Wysyłanie wiadomości nr 0 - rozmiar wiadomości 512B (całego datagramu 514B)...
Timeout potwierdzenia dla wiadomości o rozmiarze 512B (całego datagramu 514B) - retransmisja...

Wysyłanie wiadomości nr 0 - rozmiar wiadomości 512B (całego datagramu 514B)...
Otrzymano potwierdzenie dla wiadomości o rozmiarze 512B (całego datagramu 514B)
Różnica czasu -> 3.004134178161621s

Wysyłanie wiadomości nr 1 - rozmiar wiadomości 512B (całego datagramu 514B)...
Otrzymano potwierdzenie dla wiadomości o rozmiarze 512B (całego datagramu 514B)
Różnica czasu -> 0.0007436275482177734s

Wysyłanie wiadomości nr 2 - rozmiar wiadomości 512B (całego datagramu 514B)...
Otrzymano potwierdzenie dla wiadomości o rozmiarze 512B (całego datagramu 514B)
Różnica czasu -> 0.0007042884826660156s

# tu wprowadzono opóźnienie

Wysyłanie wiadomości nr 3 - rozmiar wiadomości 512B (całego datagramu 514B)...
Timeout potwierdzenia dla wiadomości o rozmiarze 512B (całego datagramu 514B) - retransmisja...

Wysyłanie wiadomości nr 3 - rozmiar wiadomości 512B (całego datagramu 514B)...
Timeout potwierdzenia dla wiadomości o rozmiarze 512B (całego datagramu 514B) - retransmisja...

Wysyłanie wiadomości nr 3 - rozmiar wiadomości 512B (całego datagramu 514B)...
Timeout potwierdzenia dla wiadomości o rozmiarze 512B (całego datagramu 514B) - retransmisja...

Wysyłanie wiadomości nr 3 - rozmiar wiadomości 512B (całego datagramu 514B)...
Timeout potwierdzenia dla wiadomości o rozmiarze 512B (całego datagramu 514B) - retransmisja...

Wysyłanie wiadomości nr 3 - rozmiar wiadomości 512B (całego datagramu 514B)...
Otrzymano potwierdzenie dla wiadomości o rozmiarze 512B (całego datagramu 514B)
Różnica czasu -> 12.560842514038086s

Wysyłanie wiadomości nr 4 - rozmiar wiadomości 512B (całego datagramu 514B)...
Timeout potwierdzenia dla wiadomości o rozmiarze 512B (całego datagramu 514B) - retransmisja...

Wysyłanie wiadomości nr 4 - rozmiar wiadomości 512B (całego datagramu 514B)...
Otrzymano potwierdzenie dla wiadomości o rozmiarze 512B (całego datagramu 514B)
Różnica czasu -> 4.079595327377319s

Wysyłanie wiadomości nr 5 - rozmiar wiadomości 512B (całego datagramu 514B)...
Timeout potwierdzenia dla wiadomości o rozmiarze 512B (całego datagramu 514B) - retransmisja...

Wysyłanie wiadomości nr 5 - rozmiar wiadomości 512B (całego datagramu 514B)...
Otrzymano potwierdzenie dla wiadomości o rozmiarze 512B (całego datagramu 514B)
Różnica czasu -> 4.219440460205078s

Wysyłanie wiadomości nr 6 - rozmiar wiadomości 512B (całego datagramu 514B)...
Otrzymano potwierdzenie dla wiadomości o rozmiarze 512B (całego datagramu 514B)
Różnica czasu -> 1.066962718963623s

Wysyłanie wiadomości nr 7 - rozmiar wiadomości 512B (całego datagramu 514B)...
Timeout potwierdzenia dla wiadomości o rozmiarze 512B (całego datagramu 514B) - retransmisja...

Wysyłanie wiadomości nr 7 - rozmiar wiadomości 512B (całego datagramu 514B)...
Otrzymano potwierdzenie dla wiadomości o rozmiarze 512B (całego datagramu 514B)
Różnica czasu -> 4.106391668319702s

Wysyłanie wiadomości nr 8 - rozmiar wiadomości 512B (całego datagramu 514B)...
Timeout potwierdzenia dla wiadomości o rozmiarze 512B (całego datagramu 514B) - retransmisja...

Wysyłanie wiadomości nr 8 - rozmiar wiadomości 512B (całego datagramu 514B)...
Otrzymano potwierdzenie dla wiadomości o rozmiarze 512B (całego datagramu 514B)
Różnica czasu -> 3.0033328533172607s

Wysyłanie wiadomości nr 9 - rozmiar wiadomości 512B (całego datagramu 514B)...
Brak potwierdzenia dla wiadomości o rozmiarze 512B (całego datagramu 514B) - retransmisja...

Wysyłanie wiadomości nr 9 - rozmiar wiadomości 512B (całego datagramu 514B)...
Otrzymano potwierdzenie dla wiadomości o rozmiarze 512B (całego datagramu 514B)
Różnica czasu -> 1.0011415481567383s

